This file contains any messages produced by compilers while
running configure, to aid debugging if configure makes a mistake.

configure:593: checking host system type
configure:619: checking for prespecified compiler options
configure:716: checking for gcc
configure:829: checking whether the C compiler (gcc -O3 -march=native -mtune=native -fPIC ) works
configure:845: gcc -o conftest -O3 -march=native -mtune=native -fPIC   conftest.c  1>&5
configure:842:1: warning: return type defaults to 'int' [-Wimplicit-int]
   done
 ^ ~~
configure:871: checking whether the C compiler (gcc -O3 -march=native -mtune=native -fPIC ) is a cross-compiler
configure:876: checking whether we are using GNU C
configure:885: gcc -E conftest.c
configure:904: checking whether gcc accepts -g
configure:936: checking whether make sets ${MAKE}
configure:965: checking for ranlib
configure:997: checking for sh
configure:1041: checking for file suffixes
configure:1176: checking for sqrt in -lm
configure:1195: gcc -o conftest -O3 -march=native -mtune=native -fPIC   conftest.c -lm   1>&5
configure:1188:6: warning: conflicting types for built-in function 'sqrt'
 echo "configure:1176: checking for sqrt in -lm" >&5
      ^~~~
configure:1225: checking for -lnsl
configure:1242: gcc -o conftest -O3 -march=native -mtune=native -fPIC   conftest.c -lm  1>&5
C:\Users\songzy\AppData\Local\Temp\ccuzWIJr.o:conftest.c:(.text.startup+0xc): undefined reference to `gethostbyname'
collect2.exe: error: ld returned 1 exit status
configure: failed program was:
#line 1231 "configure"
#include "confdefs.h"
/* Override any gcc2 internal prototype to avoid an error.  */
/* We use char because int might match the return type of a gcc2
    builtin and then its argument prototype would still apply.  */
char gethostbyname();

int main() {
gethostbyname()
; return 0; }
configure:1263: gcc -o conftest -O3 -march=native -mtune=native -fPIC   conftest.c -lnsl  -lm  1>&5
c:/mingw/bin/../lib/gcc/mingw32/6.3.0/../../../../mingw32/bin/ld.exe: cannot find -lnsl
collect2.exe: error: ld returned 1 exit status
configure: failed program was:
#line 1252 "configure"
#include "confdefs.h"
/* Override any gcc2 internal prototype to avoid an error.  */
/* We use char because int might match the return type of a gcc2
    builtin and then its argument prototype would still apply.  */
char gethostbyname();

int main() {
gethostbyname()
; return 0; }
configure:1294: checking for -lsocket
configure:1311: gcc -o conftest -O3 -march=native -mtune=native -fPIC   conftest.c -lm  1>&5
C:\Users\songzy\AppData\Local\Temp\cciMsK4A.o:conftest.c:(.text.startup+0xc): undefined reference to `socket'
collect2.exe: error: ld returned 1 exit status
configure: failed program was:
#line 1300 "configure"
#include "confdefs.h"
/* Override any gcc2 internal prototype to avoid an error.  */
/* We use char because int might match the return type of a gcc2
    builtin and then its argument prototype would still apply.  */
char socket();

int main() {
socket()
; return 0; }
configure:1332: gcc -o conftest -O3 -march=native -mtune=native -fPIC   conftest.c -lsocket  -lm  1>&5
c:/mingw/bin/../lib/gcc/mingw32/6.3.0/../../../../mingw32/bin/ld.exe: cannot find -lsocket
collect2.exe: error: ld returned 1 exit status
configure: failed program was:
#line 1321 "configure"
#include "confdefs.h"
/* Override any gcc2 internal prototype to avoid an error.  */
/* We use char because int might match the return type of a gcc2
    builtin and then its argument prototype would still apply.  */
char socket();

int main() {
socket()
; return 0; }
configure:1361: checking for bfd_open_file in -lbfd
configure:1380: gcc -o conftest -O3 -march=native -mtune=native -fPIC   conftest.c -lbfd  -lm  1>&5
c:/mingw/bin/../lib/gcc/mingw32/6.3.0/../../../../mingw32/bin/ld.exe: cannot find -lbfd
collect2.exe: error: ld returned 1 exit status
configure: failed program was:
#line 1369 "configure"
#include "confdefs.h"
/* Override any gcc2 internal prototype to avoid an error.  */
/* We use char because int might match the return type of a gcc2
    builtin and then its argument prototype would still apply.  */
char bfd_open_file();

int main() {
bfd_open_file()
; return 0; }
configure:1408: checking for xstrerror in -liberty
configure:1427: gcc -o conftest -O3 -march=native -mtune=native -fPIC   conftest.c -liberty  -lm  1>&5
c:/mingw/bin/../lib/gcc/mingw32/6.3.0/../../../../mingw32/bin/ld.exe: cannot find -liberty
collect2.exe: error: ld returned 1 exit status
configure: failed program was:
#line 1416 "configure"
#include "confdefs.h"
/* Override any gcc2 internal prototype to avoid an error.  */
/* We use char because int might match the return type of a gcc2
    builtin and then its argument prototype would still apply.  */
char xstrerror();

int main() {
xstrerror()
; return 0; }
configure:1678: checking how to run the C preprocessor
configure:1699: gcc -E  conftest.c >/dev/null 2>conftest.out
configure:1758: checking for ANSI C header files
configure:1771: gcc -E  conftest.c >/dev/null 2>conftest.out
configure:1838: gcc -o conftest -O3 -march=native -mtune=native -fPIC   conftest.c -lm  1>&5
configure: In function 'main':
configure:1833:67: warning: implicit declaration of function 'exit' [-Wimplicit-function-declaration]
 
                                                                   ^   
configure:1833:67: warning: incompatible implicit declaration of built-in function 'exit'
configure:1833:67: note: include '<stdlib.h>' or provide a declaration of 'exit'
configure:1834:1: warning: incompatible implicit declaration of built-in function 'exit'
 fi
 ^~  
configure:1834:1: note: include '<stdlib.h>' or provide a declaration of 'exit'
configure:1862: checking whether time.h and sys/time.h may both be included
configure:1876: gcc -c -O3 -march=native -mtune=native -fPIC  conftest.c 1>&5
configure:1900: checking for stdlib.h
configure:1910: gcc -E  conftest.c >/dev/null 2>conftest.out
configure:1900: checking for math.h
configure:1910: gcc -E  conftest.c >/dev/null 2>conftest.out
configure:1900: checking for string.h
configure:1910: gcc -E  conftest.c >/dev/null 2>conftest.out
configure:1900: checking for strings.h
configure:1910: gcc -E  conftest.c >/dev/null 2>conftest.out
configure:1900: checking for errno.h
configure:1910: gcc -E  conftest.c >/dev/null 2>conftest.out
configure:1900: checking for assert.h
configure:1910: gcc -E  conftest.c >/dev/null 2>conftest.out
configure:1900: checking for sys/time.h
configure:1910: gcc -E  conftest.c >/dev/null 2>conftest.out
configure:1900: checking for time.h
configure:1910: gcc -E  conftest.c >/dev/null 2>conftest.out
configure:1900: checking for stddef.h
configure:1910: gcc -E  conftest.c >/dev/null 2>conftest.out
configure:1900: checking for unistd.h
configure:1910: gcc -E  conftest.c >/dev/null 2>conftest.out
configure:1900: checking for malloc.h
configure:1910: gcc -E  conftest.c >/dev/null 2>conftest.out
configure:1900: checking for sys/types.h
configure:1910: gcc -E  conftest.c >/dev/null 2>conftest.out
configure:1900: checking for sys/stat.h
configure:1910: gcc -E  conftest.c >/dev/null 2>conftest.out
configure:1900: checking for fcntl.h
configure:1910: gcc -E  conftest.c >/dev/null 2>conftest.out
configure:1900: checking for signal.h
configure:1910: gcc -E  conftest.c >/dev/null 2>conftest.out
configure:1900: checking for sys/socket.h
configure:1910: gcc -E  conftest.c >/dev/null 2>conftest.out
configure:1906:24: fatal error: sys/socket.h: No such file or directory
 #define const
                        ^
compilation terminated.
configure: failed program was:
#line 1905 "configure"
#include "confdefs.h"
#include <sys/socket.h>
configure:1900: checking for netinet/in.h
configure:1910: gcc -E  conftest.c >/dev/null 2>conftest.out
configure:1906:24: fatal error: netinet/in.h: No such file or directory
 #define const
                        ^
compilation terminated.
configure: failed program was:
#line 1905 "configure"
#include "confdefs.h"
#include <netinet/in.h>
configure:1900: checking for netdb.h
configure:1910: gcc -E  conftest.c >/dev/null 2>conftest.out
configure:1906:19: fatal error: netdb.h: No such file or directory
 #define const
                   ^
compilation terminated.
configure: failed program was:
#line 1905 "configure"
#include "confdefs.h"
#include <netdb.h>
configure:1900: checking for sys/resource.h
configure:1910: gcc -E  conftest.c >/dev/null 2>conftest.out
configure:1906:26: fatal error: sys/resource.h: No such file or directory
 #define const
                          ^
compilation terminated.
configure: failed program was:
#line 1905 "configure"
#include "confdefs.h"
#include <sys/resource.h>
configure:1900: checking for sys/param.h
configure:1910: gcc -E  conftest.c >/dev/null 2>conftest.out
configure:1900: checking for sys/times.h
configure:1910: gcc -E  conftest.c >/dev/null 2>conftest.out
configure:1906:23: fatal error: sys/times.h: No such file or directory
 #define const
                       ^
compilation terminated.
configure: failed program was:
#line 1905 "configure"
#include "confdefs.h"
#include <sys/times.h>
configure:2001: checking for working const
configure:2055: gcc -c -O3 -march=native -mtune=native -fPIC  conftest.c 1>&5
configure:2078: checking for void
configure:2090: gcc -c -O3 -march=native -mtune=native -fPIC  conftest.c 1>&5
configure:2111: checking for size_t
configure:2144: checking for pid_t
configure:2177: checking return type of signal handlers
configure:2199: gcc -c -O3 -march=native -mtune=native -fPIC  conftest.c 1>&5
configure:2218: checking for u_char
configure:2254: checking for missing printf prototype
configure:2266: gcc -c -O3 -march=native -mtune=native -fPIC  conftest.c 1>&5
configure: In function 'main':
configure:2262:8: error: incompatible type for argument 1 of 'printf'
   echo $ac_n "(cached) $ac_c" 1>&6
        ^~~
In file included from configure:2260:0:
c:\mingw\include\stdio.h:454:38: note: expected 'const char *' but argument is of type 'double'
 _CRTIMP __cdecl __MINGW_NOTHROW  int printf (const char *, ...);
                                      ^~~~~~
configure: failed program was:
#line 2259 "configure"
#include "confdefs.h"
#include <stdio.h>
int main() {
printf(3.0)
; return 0; }
configure:2290: checking for missing gethostname prototype
configure:2305: gcc -c -O3 -march=native -mtune=native -fPIC  conftest.c 1>&5
configure: In function 'main':
configure:2301:1: warning: implicit declaration of function 'gethostname' [-Wimplicit-function-declaration]
 EOF
 ^~~        
configure:2329: checking for missing getrusage prototype
configure:2356: gcc -c -O3 -march=native -mtune=native -fPIC  conftest.c 1>&5
configure: In function 'main':
configure:2352:1: warning: implicit declaration of function 'getrusage' [-Wimplicit-function-declaration]
   cat > conftest.$ac_ext <<EOF
 ^ ~~~~~~~
configure:2382: checking usable sigaction()
configure:2404: gcc -c -O3 -march=native -mtune=native -fPIC  conftest.c 1>&5
configure: In function 'main':
configure:2393:18: error: storage size of 'n' isn't known
 else
                  ^
configure:2396:6: warning: implicit declaration of function 'sigemptyset' [-Wimplicit-function-declaration]
 #include "confdefs.h"
      ^~~~~~~~~~~
configure:2399:6: warning: implicit declaration of function 'sigaction' [-Wimplicit-function-declaration]
 #include <assert.h>
      ^~~~~~~~~
configure: failed program was:
#line 2387 "configure"
#include "confdefs.h"
#ifdef HAVE_SIGNAL_H
#include <signal.h>
#endif

int main() {
struct sigaction n;
 extern RETSIGTYPE (h)(int signum);
 int x;
 x = sigemptyset(&n.sa_mask);
 n.sa_handler=h;
 n.sa_flags=4;
 x = sigaction(0,&n,(struct sigaction*)0);

; return 0; }
configure:2424: checking usable signal()
configure:2444: gcc -c -O3 -march=native -mtune=native -fPIC  conftest.c 1>&5
configure:2474: checking for __attribute__
configure:2486: gcc -c -O3 -march=native -mtune=native -fPIC  conftest.c 1>&5
configure:2554: checking for gethostname
configure:2582: gcc -o conftest -O3 -march=native -mtune=native -fPIC   conftest.c -lm  1>&5
C:\Users\songzy\AppData\Local\Temp\cc0zDViB.o:conftest.c:(.text.startup+0xc): undefined reference to `gethostname'
collect2.exe: error: ld returned 1 exit status
configure: failed program was:
#line 2559 "configure"
#include "confdefs.h"
/* System header to define __stub macros and hopefully few prototypes,
    which can conflict with char gethostname(); below.  */
#include <assert.h>
/* Override any gcc2 internal prototype to avoid an error.  */
/* We use char because int might match the return type of a gcc2
    builtin and then its argument prototype would still apply.  */
char gethostname();

int main() {

/* The GNU C library defines this for functions which it implements
    to always fail with ENOSYS.  Some functions are actually named
    something starting with __ and the normal name is an alias.  */
#if defined (__stub_gethostname) || defined (__stub___gethostname)
choke me
#else
gethostname();
#endif

; return 0; }
configure:2554: checking for socket
configure:2582: gcc -o conftest -O3 -march=native -mtune=native -fPIC   conftest.c -lm  1>&5
C:\Users\songzy\AppData\Local\Temp\cc0CvI1q.o:conftest.c:(.text.startup+0xc): undefined reference to `socket'
collect2.exe: error: ld returned 1 exit status
configure: failed program was:
#line 2559 "configure"
#include "confdefs.h"
/* System header to define __stub macros and hopefully few prototypes,
    which can conflict with char socket(); below.  */
#include <assert.h>
/* Override any gcc2 internal prototype to avoid an error.  */
/* We use char because int might match the return type of a gcc2
    builtin and then its argument prototype would still apply.  */
char socket();

int main() {

/* The GNU C library defines this for functions which it implements
    to always fail with ENOSYS.  Some functions are actually named
    something starting with __ and the normal name is an alias.  */
#if defined (__stub_socket) || defined (__stub___socket)
choke me
#else
socket();
#endif

; return 0; }
configure:2554: checking for strdup
configure:2582: gcc -o conftest -O3 -march=native -mtune=native -fPIC   conftest.c -lm  1>&5
configure:2566:6: warning: conflicting types for built-in function 'strdup'
 s%@datadir@%$datadir%g
      ^~~~~~
configure:2554: checking for getrusage
configure:2582: gcc -o conftest -O3 -march=native -mtune=native -fPIC   conftest.c -lm  1>&5
C:\Users\songzy\AppData\Local\Temp\ccU4H9JA.o:conftest.c:(.text.startup+0xc): undefined reference to `getrusage'
collect2.exe: error: ld returned 1 exit status
configure: failed program was:
#line 2559 "configure"
#include "confdefs.h"
/* System header to define __stub macros and hopefully few prototypes,
    which can conflict with char getrusage(); below.  */
#include <assert.h>
/* Override any gcc2 internal prototype to avoid an error.  */
/* We use char because int might match the return type of a gcc2
    builtin and then its argument prototype would still apply.  */
char getrusage();

int main() {

/* The GNU C library defines this for functions which it implements
    to always fail with ENOSYS.  Some functions are actually named
    something starting with __ and the normal name is an alias.  */
#if defined (__stub_getrusage) || defined (__stub___getrusage)
choke me
#else
getrusage();
#endif

; return 0; }
configure:2554: checking for times
configure:2582: gcc -o conftest -O3 -march=native -mtune=native -fPIC   conftest.c -lm  1>&5
C:\Users\songzy\AppData\Local\Temp\ccAqOV0I.o:conftest.c:(.text.startup+0xc): undefined reference to `times'
collect2.exe: error: ld returned 1 exit status
configure: failed program was:
#line 2559 "configure"
#include "confdefs.h"
/* System header to define __stub macros and hopefully few prototypes,
    which can conflict with char times(); below.  */
#include <assert.h>
/* Override any gcc2 internal prototype to avoid an error.  */
/* We use char because int might match the return type of a gcc2
    builtin and then its argument prototype would still apply.  */
char times();

int main() {

/* The GNU C library defines this for functions which it implements
    to always fail with ENOSYS.  Some functions are actually named
    something starting with __ and the normal name is an alias.  */
#if defined (__stub_times) || defined (__stub___times)
choke me
#else
times();
#endif

; return 0; }
configure:2554: checking for clock
configure:2582: gcc -o conftest -O3 -march=native -mtune=native -fPIC   conftest.c -lm  1>&5
configure:2554: checking for sleep
configure:2582: gcc -o conftest -O3 -march=native -mtune=native -fPIC   conftest.c -lm  1>&5
configure:2554: checking for sigaction
configure:2582: gcc -o conftest -O3 -march=native -mtune=native -fPIC   conftest.c -lm  1>&5
C:\Users\songzy\AppData\Local\Temp\ccKdAZs8.o:conftest.c:(.text.startup+0xc): undefined reference to `sigaction'
collect2.exe: error: ld returned 1 exit status
configure: failed program was:
#line 2559 "configure"
#include "confdefs.h"
/* System header to define __stub macros and hopefully few prototypes,
    which can conflict with char sigaction(); below.  */
#include <assert.h>
/* Override any gcc2 internal prototype to avoid an error.  */
/* We use char because int might match the return type of a gcc2
    builtin and then its argument prototype would still apply.  */
char sigaction();

int main() {

/* The GNU C library defines this for functions which it implements
    to always fail with ENOSYS.  Some functions are actually named
    something starting with __ and the normal name is an alias.  */
#if defined (__stub_sigaction) || defined (__stub___sigaction)
choke me
#else
sigaction();
#endif

; return 0; }
configure:2554: checking for signal
configure:2582: gcc -o conftest -O3 -march=native -mtune=native -fPIC   conftest.c -lm  1>&5
